Start testing: Dec 04 13:20 Pacific Standard Time
----------------------------------------------------------
Unable to find executable: C:/Users/e/project-2-groupa-dungeons-and-dumb-asses-1/project-2-groupa-dungeons-and-dumb-asses-Jareds-work/build/Debug/run_tests.exe
1/1 Testing: GameInventoryFunctionsTest
1/1 Test: GameInventoryFunctionsTest
Command: ""
Directory: C:/Users/e/project-2-groupa-dungeons-and-dumb-asses-1/project-2-groupa-dungeons-and-dumb-asses-Jareds-work/build
"GameInventoryFunctionsTest" start time: 
Output:
----------------------------------------------------------
<end of output>
Test time =   0.00 sec
----------------------------------------------------------
Test Passed.
"GameInventoryFunctionsTest" end time: Dec 04 13:20 Pacific Standard Time
"GameInventoryFunctionsTest" time elapsed: 00:00:00
----------------------------------------------------------

End testing: Dec 04 13:20 Pacific Standard Time
